<?xml version="1.0" encoding="UTF-8"?>
<!-- Generated by org.testng.reporters.JUnitXMLReporter -->
<testsuite hostname="DESKTOP-7KT75FO" ignored="0" name="Default test" tests="3" failures="0" timestamp="26 Oct 2020 05:37:50 GMT" time="1.325" errors="0">
  <testcase name="api_for_foreign_exchange" time="0.283" classname="StepDefinitions.ResponseAssertion"/>
  <testcase name="posted_with_correct_information" time="0.977" classname="StepDefinitions.ResponseAssertion"/>
  <testcase name="validate_positive_response_code_received" time="0.05" classname="StepDefinitions.ResponseAssertion"/>
</testsuite> <!-- Default test -->
